<?xml version="1.0" encoding="UTF-8"?>
<testng-results ignored="0" total="1" passed="1" failed="0" skipped="0">
  <reporter-output>
  </reporter-output>
  <suite started-at="2021-07-06T12:08:02 IST" name="Default suite" finished-at="2021-07-06T12:08:17 IST" duration-ms="14548">
    <groups>
    </groups>
    <test started-at="2021-07-06T12:08:02 IST" name="Default test" finished-at="2021-07-06T12:08:17 IST" duration-ms="14548">
      <class name="Selenium.ExtendREport.Extendreport">
        <test-method is-config="true" signature="config()[pri:0, instance:Selenium.ExtendREport.Extendreport@550ee7e5]" started-at="2021-07-06T12:08:02 IST" name="config" finished-at="2021-07-06T12:08:03 IST" duration-ms="471" status="PASS">
          <reporter-output>
          </reporter-output>
        </test-method> <!-- config -->
        <test-method signature="demo()[pri:0, instance:Selenium.ExtendREport.Extendreport@550ee7e5]" started-at="2021-07-06T12:08:03 IST" name="demo" finished-at="2021-07-06T12:08:17 IST" duration-ms="14013" status="PASS">
          <reporter-output>
          </reporter-output>
        </test-method> <!-- demo -->
      </class> <!-- Selenium.ExtendREport.Extendreport -->
    </test> <!-- Default test -->
  </suite> <!-- Default suite -->
</testng-results>
